<?xml version="1.0" encoding="UTF-8"?>
<!-- Generated by org.testng.reporters.JUnitReportReporter -->
<testsuite skipped="2" hostname="BLR-SOFT-03" name="com.prathibha.justdialtest.UniversalChecklist" tests="4" failures="0" timestamp="20 Nov 2019 07:13:19 GMT" time="1.140" errors="2">
  <testcase name="openApplication" time="1.109" classname="com.prathibha.justdialtest.UniversalChecklist">
    <error type="org.openqa.selenium.InvalidArgumentException" message="invalid argument: entry 0 of &#039;firstMatch&#039; is invalid
from invalid argument: cannot parse capability: goog:chromeOptions
from invalid argument: cannot parse mobileEmulation
from invalid argument: &#039;pixel 2&#039; must be a valid device
from unknown error: must be a valid device
Build info: version: &#039;3.141.59&#039;, revision: &#039;e82be7d358&#039;, time: &#039;2018-11-14T08:17:03&#039;
System info: host: &#039;BLR-SOFT-03&#039;, ip: &#039;172.29.106.238&#039;, os.name: &#039;Windows 7&#039;, os.arch: &#039;amd64&#039;, os.version: &#039;6.1&#039;, java.version: &#039;1.8.0_181&#039;
Driver info: driver.version: ChromeDriver
remote stacktrace: Backtrace:
	Ordinal0 [0x0135EB13+1501971]
	Ordinal0 [0x012DF6D1+980689]
	Ordinal0 [0x0126765F+489055]
	Ordinal0 [0x0126577E+481150]
	Ordinal0 [0x011F9256+37462]
	Ordinal0 [0x011F8D84+36228]
	Ordinal0 [0x011F9EE4+40676]
	Ordinal0 [0x011F7614+30228]
	Ordinal0 [0x011F9EE4+40676]
	Ordinal0 [0x011F5564+21860]
	Ordinal0 [0x01218FF8+167928]
	Ordinal0 [0x0121950E+169230]
	Ordinal0 [0x0121942D+169005]
	Ordinal0 [0x012178EB+162027]
	Ordinal0 [0x01200AC7+68295]
	Ordinal0 [0x01201B40+72512]
	Ordinal0 [0x01201AD9+72409]
	Ordinal0 [0x012F8F37+1085239]
	GetHandleVerifier [0x013FD7ED+503293]
	GetHandleVerifier [0x013FD580+502672]
	GetHandleVerifier [0x014046AC+531644]
	GetHandleVerifier [0x013FDFFA+505354]
	Ordinal0 [0x012F0606+1050118]
	Ordinal0 [0x012F047F+1049727]
	Ordinal0 [0x012FAF9B+1093531]
	Ordinal0 [0x012FB103+1093891]
	Ordinal0 [0x012FA095+1089685]
	BaseThreadInitThunk [0x7548343D+18]
	RtlInitializeExceptionChain [0x777D9832+99]
	RtlInitializeExceptionChain [0x777D9805+54]
">
      <![CDATA[org.openqa.selenium.InvalidArgumentException: invalid argument: entry 0 of 'firstMatch' is invalid
from invalid argument: cannot parse capability: goog:chromeOptions
from invalid argument: cannot parse mobileEmulation
from invalid argument: 'pixel 2' must be a valid device
from unknown error: must be a valid device
Build info: version: '3.141.59', revision: 'e82be7d358', time: '2018-11-14T08:17:03'
System info: host: 'BLR-SOFT-03', ip: '172.29.106.238', os.name: 'Windows 7', os.arch: 'amd64', os.version: '6.1', java.version: '1.8.0_181'
Driver info: driver.version: ChromeDriver
remote stacktrace: Backtrace:
Ordinal0 [0x0135EB13+1501971]
Ordinal0 [0x012DF6D1+980689]
Ordinal0 [0x0126765F+489055]
Ordinal0 [0x0126577E+481150]
Ordinal0 [0x011F9256+37462]
Ordinal0 [0x011F8D84+36228]
Ordinal0 [0x011F9EE4+40676]
Ordinal0 [0x011F7614+30228]
Ordinal0 [0x011F9EE4+40676]
Ordinal0 [0x011F5564+21860]
Ordinal0 [0x01218FF8+167928]
Ordinal0 [0x0121950E+169230]
Ordinal0 [0x0121942D+169005]
Ordinal0 [0x012178EB+162027]
Ordinal0 [0x01200AC7+68295]
Ordinal0 [0x01201B40+72512]
Ordinal0 [0x01201AD9+72409]
Ordinal0 [0x012F8F37+1085239]
GetHandleVerifier [0x013FD7ED+503293]
GetHandleVerifier [0x013FD580+502672]
GetHandleVerifier [0x014046AC+531644]
GetHandleVerifier [0x013FDFFA+505354]
Ordinal0 [0x012F0606+1050118]
Ordinal0 [0x012F047F+1049727]
Ordinal0 [0x012FAF9B+1093531]
Ordinal0 [0x012FB103+1093891]
Ordinal0 [0x012FA095+1089685]
BaseThreadInitThunk [0x7548343D+18]
RtlInitializeExceptionChain [0x777D9832+99]
RtlInitializeExceptionChain [0x777D9805+54]

at sun.reflect.NativeConstructorAccessorImpl.newInstance0(Native Method)
at sun.reflect.NativeConstructorAccessorImpl.newInstance(Unknown Source)
at sun.reflect.DelegatingConstructorAccessorImpl.newInstance(Unknown Source)
at java.lang.reflect.Constructor.newInstance(Unknown Source)
at org.openqa.selenium.remote.W3CHandshakeResponse.lambda$errorHandler$0(W3CHandshakeResponse.java:62)
at org.openqa.selenium.remote.HandshakeResponse.lambda$getResponseFunction$0(HandshakeResponse.java:30)
at org.openqa.selenium.remote.ProtocolHandshake.lambda$createSession$0(ProtocolHandshake.java:126)
at java.util.stream.ReferencePipeline$3$1.accept(Unknown Source)
at java.util.Spliterators$ArraySpliterator.tryAdvance(Unknown Source)
at java.util.stream.ReferencePipeline.forEachWithCancel(Unknown Source)
at java.util.stream.AbstractPipeline.copyIntoWithCancel(Unknown Source)
at java.util.stream.AbstractPipeline.copyInto(Unknown Source)
at java.util.stream.AbstractPipeline.wrapAndCopyInto(Unknown Source)
at java.util.stream.FindOps$FindOp.evaluateSequential(Unknown Source)
at java.util.stream.AbstractPipeline.evaluate(Unknown Source)
at java.util.stream.ReferencePipeline.findFirst(Unknown Source)
at org.openqa.selenium.remote.ProtocolHandshake.createSession(ProtocolHandshake.java:128)
at org.openqa.selenium.remote.ProtocolHandshake.createSession(ProtocolHandshake.java:74)
at org.openqa.selenium.remote.HttpCommandExecutor.execute(HttpCommandExecutor.java:136)
at org.openqa.selenium.remote.service.DriverCommandExecutor.execute(DriverCommandExecutor.java:83)
at org.openqa.selenium.remote.RemoteWebDriver.execute(RemoteWebDriver.java:552)
at org.openqa.selenium.remote.RemoteWebDriver.startSession(RemoteWebDriver.java:213)
at org.openqa.selenium.remote.RemoteWebDriver.<init>(RemoteWebDriver.java:131)
at org.openqa.selenium.chrome.ChromeDriver.<init>(ChromeDriver.java:181)
at org.openqa.selenium.chrome.ChromeDriver.<init>(ChromeDriver.java:168)
at org.openqa.selenium.chrome.ChromeDriver.<init>(ChromeDriver.java:157)
at com.justdial.browserconfig.ChromeBrowser.getChromeDriver(ChromeBrowser.java:40)
at com.lifeco.generic.BaseTest.getBrowserObj(BaseTest.java:144)
at com.lifeco.generic.BaseTest.launchBrowser(BaseTest.java:168)
at com.lifeco.generic.BaseTest.openApplication(BaseTest.java:90)
at sun.reflect.NativeMethodAccessorImpl.invoke0(Native Method)
at sun.reflect.NativeMethodAccessorImpl.invoke(Unknown Source)
at sun.reflect.DelegatingMethodAccessorImpl.invoke(Unknown Source)
at java.lang.reflect.Method.invoke(Unknown Source)
at org.testng.internal.MethodInvocationHelper.invokeMethod(MethodInvocationHelper.java:124)
at org.testng.internal.MethodInvocationHelper.invokeMethodConsideringTimeout(MethodInvocationHelper.java:59)
at org.testng.internal.Invoker.invokeConfigurationMethod(Invoker.java:458)
at org.testng.internal.Invoker.invokeConfigurations(Invoker.java:222)
at org.testng.internal.Invoker.invokeMethod(Invoker.java:523)
at org.testng.internal.Invoker.invokeTestMethod(Invoker.java:719)
at org.testng.internal.Invoker.invokeTestMethods(Invoker.java:989)
at org.testng.internal.TestMethodWorker.invokeTestMethods(TestMethodWorker.java:125)
at org.testng.internal.TestMethodWorker.run(TestMethodWorker.java:109)
at org.testng.TestRunner.privateRun(TestRunner.java:648)
at org.testng.TestRunner.run(TestRunner.java:505)
at org.testng.SuiteRunner.runTest(SuiteRunner.java:455)
at org.testng.SuiteRunner.runSequentially(SuiteRunner.java:450)
at org.testng.SuiteRunner.privateRun(SuiteRunner.java:415)
at org.testng.SuiteRunner.run(SuiteRunner.java:364)
at org.testng.SuiteRunnerWorker.runSuite(SuiteRunnerWorker.java:52)
at org.testng.SuiteRunnerWorker.run(SuiteRunnerWorker.java:84)
at org.testng.TestNG.runSuitesSequentially(TestNG.java:1208)
at org.testng.TestNG.runSuitesLocally(TestNG.java:1137)
at org.testng.TestNG.runSuites(TestNG.java:1049)
at org.testng.TestNG.run(TestNG.java:1017)
at org.testng.remote.AbstractRemoteTestNG.run(AbstractRemoteTestNG.java:115)
at org.testng.remote.RemoteTestNG.initAndRun(RemoteTestNG.java:251)
at org.testng.remote.RemoteTestNG.main(RemoteTestNG.java:77)
]]>
    </error>
  </testcase> <!-- openApplication -->
  <testcase name="zpostcondition" time="0.031" classname="com.prathibha.justdialtest.UniversalChecklist">
    <error type="java.lang.NullPointerException">
      <![CDATA[java.lang.NullPointerException
at com.lifeco.generic.BaseTest.zpostcondition(BaseTest.java:132)
at sun.reflect.NativeMethodAccessorImpl.invoke0(Native Method)
at sun.reflect.NativeMethodAccessorImpl.invoke(Unknown Source)
at sun.reflect.DelegatingMethodAccessorImpl.invoke(Unknown Source)
at java.lang.reflect.Method.invoke(Unknown Source)
at org.testng.internal.MethodInvocationHelper.invokeMethod(MethodInvocationHelper.java:124)
at org.testng.internal.MethodInvocationHelper.invokeMethodConsideringTimeout(MethodInvocationHelper.java:59)
at org.testng.internal.Invoker.invokeConfigurationMethod(Invoker.java:458)
at org.testng.internal.Invoker.invokeConfigurations(Invoker.java:222)
at org.testng.internal.Invoker.invokeMethod(Invoker.java:536)
at org.testng.internal.Invoker.invokeTestMethod(Invoker.java:719)
at org.testng.internal.Invoker.invokeTestMethods(Invoker.java:989)
at org.testng.internal.TestMethodWorker.invokeTestMethods(TestMethodWorker.java:125)
at org.testng.internal.TestMethodWorker.run(TestMethodWorker.java:109)
at org.testng.TestRunner.privateRun(TestRunner.java:648)
at org.testng.TestRunner.run(TestRunner.java:505)
at org.testng.SuiteRunner.runTest(SuiteRunner.java:455)
at org.testng.SuiteRunner.runSequentially(SuiteRunner.java:450)
at org.testng.SuiteRunner.privateRun(SuiteRunner.java:415)
at org.testng.SuiteRunner.run(SuiteRunner.java:364)
at org.testng.SuiteRunnerWorker.runSuite(SuiteRunnerWorker.java:52)
at org.testng.SuiteRunnerWorker.run(SuiteRunnerWorker.java:84)
at org.testng.TestNG.runSuitesSequentially(TestNG.java:1208)
at org.testng.TestNG.runSuitesLocally(TestNG.java:1137)
at org.testng.TestNG.runSuites(TestNG.java:1049)
at org.testng.TestNG.run(TestNG.java:1017)
at org.testng.remote.AbstractRemoteTestNG.run(AbstractRemoteTestNG.java:115)
at org.testng.remote.RemoteTestNG.initAndRun(RemoteTestNG.java:251)
at org.testng.remote.RemoteTestNG.main(RemoteTestNG.java:77)
]]>
    </error>
  </testcase> <!-- zpostcondition -->
  <testcase name="singlebox" time="0.000" classname="com.prathibha.justdialtest.UniversalChecklist">
    <skipped/>
  </testcase> <!-- singlebox -->
  <testcase name="recentSearchSection" classname="com.prathibha.justdialtest.UniversalChecklist">
    <skipped/>
  </testcase> <!-- recentSearchSection -->
</testsuite> <!-- com.prathibha.justdialtest.UniversalChecklist -->
