<?xml version="1.0" encoding="UTF-8"?>
<!-- Generated by org.testng.reporters.JUnitXMLReporter -->
<testsuite hostname="BLR-SOFT-03" ignored="0" name="Test2" tests="1" failures="0" timestamp="22 Nov 2019 09:37:29 GMT" time="1.165" errors="0">
  <testcase name="@BeforeMethod openApplication" time="1.135" classname="com.lifeco.generic.BaseTest">
    <failure type="org.openqa.selenium.InvalidArgumentException" message="invalid argument: entry 0 of &amp;apos;firstMatch&amp;apos; is invalid
from invalid argument: cannot parse capability: goog:chromeOptions
from invalid argument: cannot parse mobileEmulation
from invalid argument: &amp;apos;pixel 2&amp;apos; must be a valid device
from unknown error: must be a valid device
Build info: version: &amp;apos;3.141.59&amp;apos;, revision: &amp;apos;e82be7d358&amp;apos;, time: &amp;apos;2018-11-14T08:17:03&amp;apos;
System info: host: &amp;apos;BLR-SOFT-03&amp;apos;, ip: &amp;apos;172.29.106.238&amp;apos;, os.name: &amp;apos;Windows 7&amp;apos;, os.arch: &amp;apos;amd64&amp;apos;, os.version: &amp;apos;6.1&amp;apos;, java.version: &amp;apos;1.8.0_181&amp;apos;
Driver info: driver.version: ChromeDriver
remote stacktrace: Backtrace:
	Ordinal0 [0x0129EB13+1501971]
	Ordinal0 [0x0121F6D1+980689]
	Ordinal0 [0x011A765F+489055]
	Ordinal0 [0x011A577E+481150]
	Ordinal0 [0x01139256+37462]
	Ordinal0 [0x01138D84+36228]
	Ordinal0 [0x01139EE4+40676]
	Ordinal0 [0x01137614+30228]
	Ordinal0 [0x01139EE4+40676]
	Ordinal0 [0x01135564+21860]
	Ordinal0 [0x01158FF8+167928]
	Ordinal0 [0x0115950E+169230]
	Ordinal0 [0x0115942D+169005]
	Ordinal0 [0x011578EB+162027]
	Ordinal0 [0x01140AC7+68295]
	Ordinal0 [0x01141B40+72512]
	Ordinal0 [0x01141AD9+72409]
	Ordinal0 [0x01238F37+1085239]
	GetHandleVerifier [0x0133D7ED+503293]
	GetHandleVerifier [0x0133D580+502672]
	GetHandleVerifier [0x013446AC+531644]
	GetHandleVerifier [0x0133DFFA+505354]
	Ordinal0 [0x01230606+1050118]
	Ordinal0 [0x0123047F+1049727]
	Ordinal0 [0x0123AF9B+1093531]
	Ordinal0 [0x0123B103+1093891]
	Ordinal0 [0x0123A095+1089685]
	BaseThreadInitThunk [0x76C4343D+18]
	RtlInitializeExceptionChain [0x77449832+99]
	RtlInitializeExceptionChain [0x77449805+54]
">
      <![CDATA[org.openqa.selenium.InvalidArgumentException: invalid argument: entry 0 of 'firstMatch' is invalid
from invalid argument: cannot parse capability: goog:chromeOptions
from invalid argument: cannot parse mobileEmulation
from invalid argument: 'pixel 2' must be a valid device
from unknown error: must be a valid device
Build info: version: '3.141.59', revision: 'e82be7d358', time: '2018-11-14T08:17:03'
System info: host: 'BLR-SOFT-03', ip: '172.29.106.238', os.name: 'Windows 7', os.arch: 'amd64', os.version: '6.1', java.version: '1.8.0_181'
Driver info: driver.version: ChromeDriver
remote stacktrace: Backtrace:
Ordinal0 [0x0129EB13+1501971]
Ordinal0 [0x0121F6D1+980689]
Ordinal0 [0x011A765F+489055]
Ordinal0 [0x011A577E+481150]
Ordinal0 [0x01139256+37462]
Ordinal0 [0x01138D84+36228]
Ordinal0 [0x01139EE4+40676]
Ordinal0 [0x01137614+30228]
Ordinal0 [0x01139EE4+40676]
Ordinal0 [0x01135564+21860]
Ordinal0 [0x01158FF8+167928]
Ordinal0 [0x0115950E+169230]
Ordinal0 [0x0115942D+169005]
Ordinal0 [0x011578EB+162027]
Ordinal0 [0x01140AC7+68295]
Ordinal0 [0x01141B40+72512]
Ordinal0 [0x01141AD9+72409]
Ordinal0 [0x01238F37+1085239]
GetHandleVerifier [0x0133D7ED+503293]
GetHandleVerifier [0x0133D580+502672]
GetHandleVerifier [0x013446AC+531644]
GetHandleVerifier [0x0133DFFA+505354]
Ordinal0 [0x01230606+1050118]
Ordinal0 [0x0123047F+1049727]
Ordinal0 [0x0123AF9B+1093531]
Ordinal0 [0x0123B103+1093891]
Ordinal0 [0x0123A095+1089685]
BaseThreadInitThunk [0x76C4343D+18]
RtlInitializeExceptionChain [0x77449832+99]
RtlInitializeExceptionChain [0x77449805+54]

at org.openqa.selenium.remote.W3CHandshakeResponse.lambda$errorHandler$0(W3CHandshakeResponse.java:62)
at org.openqa.selenium.remote.HandshakeResponse.lambda$getResponseFunction$0(HandshakeResponse.java:30)
at org.openqa.selenium.remote.ProtocolHandshake.lambda$createSession$0(ProtocolHandshake.java:126)
at java.util.stream.ReferencePipeline$3$1.accept(Unknown Source)
at java.util.Spliterators$ArraySpliterator.tryAdvance(Unknown Source)
at java.util.stream.ReferencePipeline.forEachWithCancel(Unknown Source)
at java.util.stream.AbstractPipeline.copyIntoWithCancel(Unknown Source)
at java.util.stream.AbstractPipeline.copyInto(Unknown Source)
at java.util.stream.AbstractPipeline.wrapAndCopyInto(Unknown Source)
at java.util.stream.FindOps$FindOp.evaluateSequential(Unknown Source)
at java.util.stream.AbstractPipeline.evaluate(Unknown Source)
at java.util.stream.ReferencePipeline.findFirst(Unknown Source)
at org.openqa.selenium.remote.ProtocolHandshake.createSession(ProtocolHandshake.java:128)
at org.openqa.selenium.remote.ProtocolHandshake.createSession(ProtocolHandshake.java:74)
at org.openqa.selenium.remote.HttpCommandExecutor.execute(HttpCommandExecutor.java:136)
at org.openqa.selenium.remote.service.DriverCommandExecutor.execute(DriverCommandExecutor.java:83)
at org.openqa.selenium.remote.RemoteWebDriver.execute(RemoteWebDriver.java:552)
at org.openqa.selenium.remote.RemoteWebDriver.startSession(RemoteWebDriver.java:213)
at org.openqa.selenium.remote.RemoteWebDriver.<init>(RemoteWebDriver.java:131)
at org.openqa.selenium.chrome.ChromeDriver.<init>(ChromeDriver.java:181)
at org.openqa.selenium.chrome.ChromeDriver.<init>(ChromeDriver.java:168)
at org.openqa.selenium.chrome.ChromeDriver.<init>(ChromeDriver.java:157)
at com.justdial.browserconfig.ChromeBrowser.getChromeDriver(ChromeBrowser.java:40)
at com.lifeco.generic.BaseTest.getBrowserObj(BaseTest.java:144)
at com.lifeco.generic.BaseTest.launchBrowser(BaseTest.java:168)
at com.lifeco.generic.BaseTest.openApplication(BaseTest.java:90)
... Removed 32 stack frames]]>
    </failure>
  </testcase> <!-- @BeforeMethod openApplication -->
  <testcase name="@AfterMethod zpostcondition" time="0.003" classname="com.lifeco.generic.BaseTest">
    <failure type="java.lang.NullPointerException">
      <![CDATA[java.lang.NullPointerException
at com.lifeco.generic.BaseTest.zpostcondition(BaseTest.java:132)
... Removed 28 stack frames]]>
    </failure>
  </testcase> <!-- @AfterMethod zpostcondition -->
  <testcase name="companySearchwithTajMahal_3" time="0.0" classname="com.prathibha.justdialtest.Autosuggdisplay">
    <skipped/>
  </testcase> <!-- companySearchwithTajMahal_3 -->
</testsuite> <!-- Test2 -->
