<?xml version="1.0" encoding="UTF-8"?>
<!-- Generated by org.testng.reporters.JUnitXMLReporter -->
<testsuite hostname="BLR-SOFT-03" ignored="0" name="Test iphone x" tests="1" failures="0" timestamp="18 Nov 2019 13:33:54 GMT" time="1.181" errors="0">
  <testcase name="@BeforeMethod openApplication" time="1.144" classname="com.lifeco.generic.BaseTest">
    <failure type="org.openqa.selenium.InvalidArgumentException" message="invalid argument: entry 0 of &amp;apos;firstMatch&amp;apos; is invalid
from invalid argument: cannot parse capability: goog:chromeOptions
from invalid argument: cannot parse mobileEmulation
from invalid argument: &amp;apos;iphone x&amp;apos; must be a valid device
from unknown error: must be a valid device
Build info: version: &amp;apos;3.141.59&amp;apos;, revision: &amp;apos;e82be7d358&amp;apos;, time: &amp;apos;2018-11-14T08:17:03&amp;apos;
System info: host: &amp;apos;BLR-SOFT-03&amp;apos;, ip: &amp;apos;172.29.106.238&amp;apos;, os.name: &amp;apos;Windows 7&amp;apos;, os.arch: &amp;apos;amd64&amp;apos;, os.version: &amp;apos;6.1&amp;apos;, java.version: &amp;apos;1.8.0_181&amp;apos;
Driver info: driver.version: ChromeDriver
remote stacktrace: Backtrace:
	Ordinal0 [0x00C8EB13+1501971]
	Ordinal0 [0x00C0F6D1+980689]
	Ordinal0 [0x00B9765F+489055]
	Ordinal0 [0x00B9577E+481150]
	Ordinal0 [0x00B29256+37462]
	Ordinal0 [0x00B28D84+36228]
	Ordinal0 [0x00B29EE4+40676]
	Ordinal0 [0x00B27614+30228]
	Ordinal0 [0x00B29EE4+40676]
	Ordinal0 [0x00B25564+21860]
	Ordinal0 [0x00B48FF8+167928]
	Ordinal0 [0x00B4950E+169230]
	Ordinal0 [0x00B4942D+169005]
	Ordinal0 [0x00B478EB+162027]
	Ordinal0 [0x00B30AC7+68295]
	Ordinal0 [0x00B31B40+72512]
	Ordinal0 [0x00B31AD9+72409]
	Ordinal0 [0x00C28F37+1085239]
	GetHandleVerifier [0x00D2D7ED+503293]
	GetHandleVerifier [0x00D2D580+502672]
	GetHandleVerifier [0x00D346AC+531644]
	GetHandleVerifier [0x00D2DFFA+505354]
	Ordinal0 [0x00C20606+1050118]
	Ordinal0 [0x00C2047F+1049727]
	Ordinal0 [0x00C2AF9B+1093531]
	Ordinal0 [0x00C2B103+1093891]
	Ordinal0 [0x00C2A095+1089685]
	BaseThreadInitThunk [0x7694343D+18]
	RtlInitializeExceptionChain [0x77199832+99]
	RtlInitializeExceptionChain [0x77199805+54]
">
      <![CDATA[org.openqa.selenium.InvalidArgumentException: invalid argument: entry 0 of 'firstMatch' is invalid
from invalid argument: cannot parse capability: goog:chromeOptions
from invalid argument: cannot parse mobileEmulation
from invalid argument: 'iphone x' must be a valid device
from unknown error: must be a valid device
Build info: version: '3.141.59', revision: 'e82be7d358', time: '2018-11-14T08:17:03'
System info: host: 'BLR-SOFT-03', ip: '172.29.106.238', os.name: 'Windows 7', os.arch: 'amd64', os.version: '6.1', java.version: '1.8.0_181'
Driver info: driver.version: ChromeDriver
remote stacktrace: Backtrace:
Ordinal0 [0x00C8EB13+1501971]
Ordinal0 [0x00C0F6D1+980689]
Ordinal0 [0x00B9765F+489055]
Ordinal0 [0x00B9577E+481150]
Ordinal0 [0x00B29256+37462]
Ordinal0 [0x00B28D84+36228]
Ordinal0 [0x00B29EE4+40676]
Ordinal0 [0x00B27614+30228]
Ordinal0 [0x00B29EE4+40676]
Ordinal0 [0x00B25564+21860]
Ordinal0 [0x00B48FF8+167928]
Ordinal0 [0x00B4950E+169230]
Ordinal0 [0x00B4942D+169005]
Ordinal0 [0x00B478EB+162027]
Ordinal0 [0x00B30AC7+68295]
Ordinal0 [0x00B31B40+72512]
Ordinal0 [0x00B31AD9+72409]
Ordinal0 [0x00C28F37+1085239]
GetHandleVerifier [0x00D2D7ED+503293]
GetHandleVerifier [0x00D2D580+502672]
GetHandleVerifier [0x00D346AC+531644]
GetHandleVerifier [0x00D2DFFA+505354]
Ordinal0 [0x00C20606+1050118]
Ordinal0 [0x00C2047F+1049727]
Ordinal0 [0x00C2AF9B+1093531]
Ordinal0 [0x00C2B103+1093891]
Ordinal0 [0x00C2A095+1089685]
BaseThreadInitThunk [0x7694343D+18]
RtlInitializeExceptionChain [0x77199832+99]
RtlInitializeExceptionChain [0x77199805+54]

at org.openqa.selenium.remote.W3CHandshakeResponse.lambda$errorHandler$0(W3CHandshakeResponse.java:62)
at org.openqa.selenium.remote.HandshakeResponse.lambda$getResponseFunction$0(HandshakeResponse.java:30)
at org.openqa.selenium.remote.ProtocolHandshake.lambda$createSession$0(ProtocolHandshake.java:126)
at java.util.stream.ReferencePipeline$3$1.accept(Unknown Source)
at java.util.Spliterators$ArraySpliterator.tryAdvance(Unknown Source)
at java.util.stream.ReferencePipeline.forEachWithCancel(Unknown Source)
at java.util.stream.AbstractPipeline.copyIntoWithCancel(Unknown Source)
at java.util.stream.AbstractPipeline.copyInto(Unknown Source)
at java.util.stream.AbstractPipeline.wrapAndCopyInto(Unknown Source)
at java.util.stream.FindOps$FindOp.evaluateSequential(Unknown Source)
at java.util.stream.AbstractPipeline.evaluate(Unknown Source)
at java.util.stream.ReferencePipeline.findFirst(Unknown Source)
at org.openqa.selenium.remote.ProtocolHandshake.createSession(ProtocolHandshake.java:128)
at org.openqa.selenium.remote.ProtocolHandshake.createSession(ProtocolHandshake.java:74)
at org.openqa.selenium.remote.HttpCommandExecutor.execute(HttpCommandExecutor.java:136)
at org.openqa.selenium.remote.service.DriverCommandExecutor.execute(DriverCommandExecutor.java:83)
at org.openqa.selenium.remote.RemoteWebDriver.execute(RemoteWebDriver.java:552)
at org.openqa.selenium.remote.RemoteWebDriver.startSession(RemoteWebDriver.java:213)
at org.openqa.selenium.remote.RemoteWebDriver.<init>(RemoteWebDriver.java:131)
at org.openqa.selenium.chrome.ChromeDriver.<init>(ChromeDriver.java:181)
at org.openqa.selenium.chrome.ChromeDriver.<init>(ChromeDriver.java:168)
at org.openqa.selenium.chrome.ChromeDriver.<init>(ChromeDriver.java:157)
at com.justdial.browserconfig.ChromeBrowser.getChromeDriver(ChromeBrowser.java:40)
at com.lifeco.generic.BaseTest.getBrowserObj(BaseTest.java:143)
at com.lifeco.generic.BaseTest.launchBrowser(BaseTest.java:167)
at com.lifeco.generic.BaseTest.openApplication(BaseTest.java:89)
... Removed 32 stack frames]]>
    </failure>
  </testcase> <!-- @BeforeMethod openApplication -->
  <testcase name="@AfterMethod zpostcondition" time="0.005" classname="com.lifeco.generic.BaseTest">
    <failure type="java.lang.NullPointerException">
      <![CDATA[java.lang.NullPointerException
at com.lifeco.generic.BaseTest.zpostcondition(BaseTest.java:131)
... Removed 28 stack frames]]>
    </failure>
  </testcase> <!-- @AfterMethod zpostcondition -->
  <testcase name="recentSearchSection" time="0.0" classname="com.prathibha.justdialtest.UniversalChecklist">
    <skipped/>
  </testcase> <!-- recentSearchSection -->
</testsuite> <!-- Test iphone x -->
