<?xml version="1.0" encoding="UTF-8"?>
<!-- Generated by org.testng.reporters.JUnitXMLReporter -->
<testsuite hostname="DESKTOP-A96QGMO" ignored="6" name=" Learning center " tests="7" failures="0" timestamp="20 Aug 2019 09:21:19 GMT" time="516.776" errors="0">
  <testcase name="@AfterMethod zpostcondition" time="8.765" classname="com.lifeco.generic.BaseTest">
    <failure type="org.openqa.selenium.NoSuchSessionException" message="Tried to run command without establishing a connection
Build info: version: &amp;apos;3.141.59&amp;apos;, revision: &amp;apos;e82be7d358&amp;apos;, time: &amp;apos;2018-11-14T08:17:03&amp;apos;
System info: host: &amp;apos;DESKTOP-A96QGMO&amp;apos;, ip: &amp;apos;192.168.2.236&amp;apos;, os.name: &amp;apos;Windows 10&amp;apos;, os.arch: &amp;apos;amd64&amp;apos;, os.version: &amp;apos;10.0&amp;apos;, java.version: &amp;apos;1.8.0_181&amp;apos;
Driver info: org.openqa.selenium.firefox.FirefoxDriver
Capabilities {acceptInsecureCerts: true, browserName: firefox, browserVersion: 68.0.2, javascriptEnabled: true, moz:accessibilityChecks: false, moz:buildID: 20190813150448, moz:geckodriverVersion: 0.24.0, moz:headless: false, moz:processID: 18256, moz:profile: C:\Users\Girish Kumar S N\A..., moz:shutdownTimeout: 60000, moz:useNonSpecCompliantPointerOrigin: false, moz:webdriverClick: true, pageLoadStrategy: normal, platform: WINDOWS, platformName: WINDOWS, platformVersion: 10.0, rotatable: false, setWindowRect: true, strictFileInteractability: false, timeouts: {implicit: 0, pageLoad: 300000, script: 30000}, unhandledPromptBehavior: dismiss and notify}
Session ID: b6ea93f0-3763-49ed-9761-8d581fa3dfd6">
      <![CDATA[org.openqa.selenium.NoSuchSessionException: Tried to run command without establishing a connection
Build info: version: '3.141.59', revision: 'e82be7d358', time: '2018-11-14T08:17:03'
System info: host: 'DESKTOP-A96QGMO', ip: '192.168.2.236', os.name: 'Windows 10', os.arch: 'amd64', os.version: '10.0', java.version: '1.8.0_181'
Driver info: org.openqa.selenium.firefox.FirefoxDriver
Capabilities {acceptInsecureCerts: true, browserName: firefox, browserVersion: 68.0.2, javascriptEnabled: true, moz:accessibilityChecks: false, moz:buildID: 20190813150448, moz:geckodriverVersion: 0.24.0, moz:headless: false, moz:processID: 18256, moz:profile: C:\Users\Girish Kumar S N\A..., moz:shutdownTimeout: 60000, moz:useNonSpecCompliantPointerOrigin: false, moz:webdriverClick: true, pageLoadStrategy: normal, platform: WINDOWS, platformName: WINDOWS, platformVersion: 10.0, rotatable: false, setWindowRect: true, strictFileInteractability: false, timeouts: {implicit: 0, pageLoad: 300000, script: 30000}, unhandledPromptBehavior: dismiss and notify}
Session ID: b6ea93f0-3763-49ed-9761-8d581fa3dfd6
at org.openqa.selenium.remote.http.W3CHttpResponseCodec.createException(W3CHttpResponseCodec.java:187)
at org.openqa.selenium.remote.http.W3CHttpResponseCodec.decode(W3CHttpResponseCodec.java:122)
at org.openqa.selenium.remote.http.W3CHttpResponseCodec.decode(W3CHttpResponseCodec.java:49)
at org.openqa.selenium.remote.HttpCommandExecutor.execute(HttpCommandExecutor.java:158)
at org.openqa.selenium.remote.service.DriverCommandExecutor.execute(DriverCommandExecutor.java:83)
at org.openqa.selenium.remote.RemoteWebDriver.execute(RemoteWebDriver.java:552)
at org.openqa.selenium.remote.RemoteWebDriver.execute(RemoteWebDriver.java:609)
at org.openqa.selenium.remote.RemoteWebDriver.quit(RemoteWebDriver.java:452)
at com.lifeco.generic.BaseTest.zpostcondition(BaseTest.java:119)
... Removed 32 stack frames]]>
    </failure>
  </testcase> <!-- @AfterMethod zpostcondition -->
  <testcase name="@AfterMethod zpostcondition" time="0.0" classname="com.lifeco.generic.BaseTest">
    <skipped/>
  </testcase> <!-- @AfterMethod zpostcondition -->
  <testcase name="@AfterMethod zpostcondition" time="0.0" classname="com.lifeco.generic.BaseTest">
    <skipped/>
  </testcase> <!-- @AfterMethod zpostcondition -->
  <testcase name="@AfterMethod zpostcondition" time="0.0" classname="com.lifeco.generic.BaseTest">
    <skipped/>
  </testcase> <!-- @AfterMethod zpostcondition -->
  <testcase name="@AfterMethod zpostcondition" time="0.0" classname="com.lifeco.generic.BaseTest">
    <skipped/>
  </testcase> <!-- @AfterMethod zpostcondition -->
  <testcase name="@AfterMethod zpostcondition" time="0.0" classname="com.lifeco.generic.BaseTest">
    <skipped/>
  </testcase> <!-- @AfterMethod zpostcondition -->
  <testcase name="@AfterMethod zpostcondition" time="0.0" classname="com.lifeco.generic.BaseTest">
    <skipped/>
  </testcase> <!-- @AfterMethod zpostcondition -->
  <testcase name="verifyNewCategory" time="76.195" classname="com.lifeco.tests.Content_LearningCenter_Configure_Test">
    <skipped/>
  </testcase> <!-- verifyNewCategory -->
  <testcase name="verifyNewCategory" time="0.0" classname="com.lifeco.tests.Content_LearningCenter_Configure_Test">
    <skipped/>
  </testcase> <!-- verifyNewCategory -->
  <testcase name="verifyAddArtical_contactRequested" time="0.0" classname="com.lifeco.tests.Content_LearningCenter_Configure_Test">
    <skipped/>
  </testcase> <!-- verifyAddArtical_contactRequested -->
  <testcase name="verifyAddArticalFeedback" time="0.0" classname="com.lifeco.tests.Content_LearningCenter_Configure_Test">
    <skipped/>
  </testcase> <!-- verifyAddArticalFeedback -->
  <testcase name="verifyAddArtical_URLLink" time="0.0" classname="com.lifeco.tests.Content_LearningCenter_Configure_Test">
    <skipped/>
  </testcase> <!-- verifyAddArtical_URLLink -->
  <testcase name="verifyAddArtical_LinkToArtical" time="0.0" classname="com.lifeco.tests.Content_LearningCenter_Configure_Test">
    <skipped/>
  </testcase> <!-- verifyAddArtical_LinkToArtical -->
  <testcase name="verifyAddArtical_None" time="0.0" classname="com.lifeco.tests.Content_LearningCenter_Configure_Test">
    <skipped/>
  </testcase> <!-- verifyAddArtical_None -->
  <testcase name="verifyErrorAddArtical" time="0.0" classname="com.lifeco.tests.Content_LearningCenter_Configure_Test">
    <ignored/>
  </testcase> <!-- verifyErrorAddArtical -->
  <testcase name="verifyEditArtical" time="0.0" classname="com.lifeco.tests.Content_LearningCenter_Configure_Test">
    <ignored/>
  </testcase> <!-- verifyEditArtical -->
  <testcase name="verifyErrorNewCategory" time="0.0" classname="com.lifeco.tests.Content_LearningCenter_Configure_Test">
    <ignored/>
  </testcase> <!-- verifyErrorNewCategory -->
  <testcase name="verifyEditCategory" time="0.0" classname="com.lifeco.tests.Content_LearningCenter_Configure_Test">
    <ignored/>
  </testcase> <!-- verifyEditCategory -->
  <testcase name="verifyNavigationToConfigureLearningCenter" time="0.0" classname="com.lifeco.tests.Content_LearningCenter_Configure_Test">
    <ignored/>
  </testcase> <!-- verifyNavigationToConfigureLearningCenter -->
  <testcase name="verifyEditCancel" time="0.0" classname="com.lifeco.tests.Content_LearningCenter_Configure_Test">
    <ignored/>
  </testcase> <!-- verifyEditCancel -->
</testsuite> <!--  Learning center  -->
