<?xml version="1.0" encoding="UTF-8"?>
<!-- Generated by org.testng.reporters.JUnitXMLReporter -->
<testsuite hostname="DESKTOP-A96QGMO" ignored="11" name="Content Challenge" tests="4" failures="0" timestamp="20 Aug 2019 09:12:41 GMT" time="290.257" errors="0">
  <testcase name="@AfterMethod zpostcondition" time="4.337" classname="com.lifeco.generic.BaseTest">
    <failure type="org.openqa.selenium.NoSuchSessionException" message="Tried to run command without establishing a connection
Build info: version: &amp;apos;3.141.59&amp;apos;, revision: &amp;apos;e82be7d358&amp;apos;, time: &amp;apos;2018-11-14T08:17:03&amp;apos;
System info: host: &amp;apos;DESKTOP-A96QGMO&amp;apos;, ip: &amp;apos;192.168.2.236&amp;apos;, os.name: &amp;apos;Windows 10&amp;apos;, os.arch: &amp;apos;amd64&amp;apos;, os.version: &amp;apos;10.0&amp;apos;, java.version: &amp;apos;1.8.0_181&amp;apos;
Driver info: org.openqa.selenium.firefox.FirefoxDriver
Capabilities {acceptInsecureCerts: true, browserName: firefox, browserVersion: 68.0.2, javascriptEnabled: true, moz:accessibilityChecks: false, moz:buildID: 20190813150448, moz:geckodriverVersion: 0.24.0, moz:headless: false, moz:processID: 4388, moz:profile: C:\Users\Girish Kumar S N\A..., moz:shutdownTimeout: 60000, moz:useNonSpecCompliantPointerOrigin: false, moz:webdriverClick: true, pageLoadStrategy: normal, platform: WINDOWS, platformName: WINDOWS, platformVersion: 10.0, rotatable: false, setWindowRect: true, strictFileInteractability: false, timeouts: {implicit: 0, pageLoad: 300000, script: 30000}, unhandledPromptBehavior: dismiss and notify}
Session ID: 6fadae93-be03-44fb-aa9a-545c96341995">
      <![CDATA[org.openqa.selenium.NoSuchSessionException: Tried to run command without establishing a connection
Build info: version: '3.141.59', revision: 'e82be7d358', time: '2018-11-14T08:17:03'
System info: host: 'DESKTOP-A96QGMO', ip: '192.168.2.236', os.name: 'Windows 10', os.arch: 'amd64', os.version: '10.0', java.version: '1.8.0_181'
Driver info: org.openqa.selenium.firefox.FirefoxDriver
Capabilities {acceptInsecureCerts: true, browserName: firefox, browserVersion: 68.0.2, javascriptEnabled: true, moz:accessibilityChecks: false, moz:buildID: 20190813150448, moz:geckodriverVersion: 0.24.0, moz:headless: false, moz:processID: 4388, moz:profile: C:\Users\Girish Kumar S N\A..., moz:shutdownTimeout: 60000, moz:useNonSpecCompliantPointerOrigin: false, moz:webdriverClick: true, pageLoadStrategy: normal, platform: WINDOWS, platformName: WINDOWS, platformVersion: 10.0, rotatable: false, setWindowRect: true, strictFileInteractability: false, timeouts: {implicit: 0, pageLoad: 300000, script: 30000}, unhandledPromptBehavior: dismiss and notify}
Session ID: 6fadae93-be03-44fb-aa9a-545c96341995
at org.openqa.selenium.remote.http.W3CHttpResponseCodec.createException(W3CHttpResponseCodec.java:187)
at org.openqa.selenium.remote.http.W3CHttpResponseCodec.decode(W3CHttpResponseCodec.java:122)
at org.openqa.selenium.remote.http.W3CHttpResponseCodec.decode(W3CHttpResponseCodec.java:49)
at org.openqa.selenium.remote.HttpCommandExecutor.execute(HttpCommandExecutor.java:158)
at org.openqa.selenium.remote.service.DriverCommandExecutor.execute(DriverCommandExecutor.java:83)
at org.openqa.selenium.remote.RemoteWebDriver.execute(RemoteWebDriver.java:552)
at org.openqa.selenium.remote.RemoteWebDriver.execute(RemoteWebDriver.java:609)
at org.openqa.selenium.remote.RemoteWebDriver.quit(RemoteWebDriver.java:452)
at com.lifeco.generic.BaseTest.zpostcondition(BaseTest.java:119)
... Removed 32 stack frames]]>
    </failure>
  </testcase> <!-- @AfterMethod zpostcondition -->
  <testcase name="@AfterMethod zpostcondition" time="0.0" classname="com.lifeco.generic.BaseTest">
    <skipped/>
  </testcase> <!-- @AfterMethod zpostcondition -->
  <testcase name="@AfterMethod zpostcondition" time="0.0" classname="com.lifeco.generic.BaseTest">
    <skipped/>
  </testcase> <!-- @AfterMethod zpostcondition -->
  <testcase name="@AfterMethod zpostcondition" time="0.0" classname="com.lifeco.generic.BaseTest">
    <skipped/>
  </testcase> <!-- @AfterMethod zpostcondition -->
  <testcase name="createNewIndividualChallenge" time="163.059" classname="com.lifeco.tests.Content_ChallengesPage_Test"/>
  <testcase name="createNewCommunityChallenge" time="0.0" classname="com.lifeco.tests.Content_ChallengesPage_Test">
    <skipped/>
  </testcase> <!-- createNewCommunityChallenge -->
  <testcase name="creatNewCompetativeChallenge" time="0.0" classname="com.lifeco.tests.Content_ChallengesPage_Test">
    <skipped/>
  </testcase> <!-- creatNewCompetativeChallenge -->
  <testcase name="creatNewBeatMyBestChallenge" time="0.0" classname="com.lifeco.tests.Content_ChallengesPage_Test">
    <skipped/>
  </testcase> <!-- creatNewBeatMyBestChallenge -->
  <testcase name="closeChallengeCreation" time="0.0" classname="com.lifeco.tests.Content_ChallengesPage_Test">
    <ignored/>
  </testcase> <!-- closeChallengeCreation -->
  <testcase name="showChallengeRecords" time="0.0" classname="com.lifeco.tests.Content_ChallengesPage_Test">
    <ignored/>
  </testcase> <!-- showChallengeRecords -->
  <testcase name="noOfChallengesCreated" time="0.0" classname="com.lifeco.tests.Content_ChallengesPage_Test">
    <ignored/>
  </testcase> <!-- noOfChallengesCreated -->
  <testcase name="verifyReset" time="0.0" classname="com.lifeco.tests.Content_ChallengesPage_Test">
    <ignored/>
  </testcase> <!-- verifyReset -->
  <testcase name="verifySheduleAvailabilityErrorMsg" time="0.0" classname="com.lifeco.tests.Content_ChallengesPage_Test">
    <ignored/>
  </testcase> <!-- verifySheduleAvailabilityErrorMsg -->
  <testcase name="verifyImagesTabErrorMsg" time="0.0" classname="com.lifeco.tests.Content_ChallengesPage_Test">
    <ignored/>
  </testcase> <!-- verifyImagesTabErrorMsg -->
  <testcase name="verifyAuidenceErrorMsg" time="0.0" classname="com.lifeco.tests.Content_ChallengesPage_Test">
    <ignored/>
  </testcase> <!-- verifyAuidenceErrorMsg -->
  <testcase name="copyExistingIndividualChallenge" time="0.0" classname="com.lifeco.tests.Content_ChallengesPage_Test">
    <ignored/>
  </testcase> <!-- copyExistingIndividualChallenge -->
  <testcase name="verifyRulesAndStagesErrorMsg" time="0.0" classname="com.lifeco.tests.Content_ChallengesPage_Test">
    <ignored/>
  </testcase> <!-- verifyRulesAndStagesErrorMsg -->
  <testcase name="showChallegesDateRange" time="0.0" classname="com.lifeco.tests.Content_ChallengesPage_Test">
    <ignored/>
  </testcase> <!-- showChallegesDateRange -->
  <testcase name="verifyDetailsErrorMsg" time="0.0" classname="com.lifeco.tests.Content_ChallengesPage_Test">
    <ignored/>
  </testcase> <!-- verifyDetailsErrorMsg -->
</testsuite> <!-- Content Challenge -->
