<?xml version="1.0" encoding="UTF-8"?>
<!-- Generated by org.testng.reporters.JUnitXMLReporter -->
<testsuite hostname="DESKTOP-A96QGMO" ignored="4" name="Interactive Poll" tests="7" failures="2" timestamp="27 Aug 2019 11:43:27 GMT" time="107.926" errors="0">
  <testcase name="@BeforeMethod openApplication" time="3.569" classname="com.lifeco.generic.BaseTest">
    <failure type="org.openqa.selenium.WebDriverException" message="unknown error: failed to change window state to normal, current state is maximized
  (Session info: chrome=76.0.3809.100)
Build info: version: &amp;apos;3.141.59&amp;apos;, revision: &amp;apos;e82be7d358&amp;apos;, time: &amp;apos;2018-11-14T08:17:03&amp;apos;
System info: host: &amp;apos;DESKTOP-A96QGMO&amp;apos;, ip: &amp;apos;192.168.2.236&amp;apos;, os.name: &amp;apos;Windows 10&amp;apos;, os.arch: &amp;apos;amd64&amp;apos;, os.version: &amp;apos;10.0&amp;apos;, java.version: &amp;apos;1.8.0_181&amp;apos;
Driver info: org.openqa.selenium.chrome.ChromeDriver
Capabilities {acceptInsecureCerts: false, browserName: chrome, browserVersion: 76.0.3809.100, chrome: {chromedriverVersion: 76.0.3809.68 (420c9498db8ce..., userDataDir: C:\Users\GIRISH~1\AppData\L...}, goog:chromeOptions: {debuggerAddress: localhost:56406}, javascriptEnabled: true, networkConnectionEnabled: false, pageLoadStrategy: normal, platform: XP, platformName: XP, proxy: Proxy(), setWindowRect: true, strictFileInteractability: false, timeouts: {implicit: 0, pageLoad: 300000, script: 30000}, unhandledPromptBehavior: dismiss and notify}
Session ID: 166614ae0c7fef6708723452d72edddc">
      <![CDATA[org.openqa.selenium.WebDriverException: unknown error: failed to change window state to normal, current state is maximized
  (Session info: chrome=76.0.3809.100)
Build info: version: '3.141.59', revision: 'e82be7d358', time: '2018-11-14T08:17:03'
System info: host: 'DESKTOP-A96QGMO', ip: '192.168.2.236', os.name: 'Windows 10', os.arch: 'amd64', os.version: '10.0', java.version: '1.8.0_181'
Driver info: org.openqa.selenium.chrome.ChromeDriver
Capabilities {acceptInsecureCerts: false, browserName: chrome, browserVersion: 76.0.3809.100, chrome: {chromedriverVersion: 76.0.3809.68 (420c9498db8ce..., userDataDir: C:\Users\GIRISH~1\AppData\L...}, goog:chromeOptions: {debuggerAddress: localhost:56406}, javascriptEnabled: true, networkConnectionEnabled: false, pageLoadStrategy: normal, platform: XP, platformName: XP, proxy: Proxy(), setWindowRect: true, strictFileInteractability: false, timeouts: {implicit: 0, pageLoad: 300000, script: 30000}, unhandledPromptBehavior: dismiss and notify}
Session ID: 166614ae0c7fef6708723452d72edddc
at org.openqa.selenium.remote.http.W3CHttpResponseCodec.createException(W3CHttpResponseCodec.java:187)
at org.openqa.selenium.remote.http.W3CHttpResponseCodec.decode(W3CHttpResponseCodec.java:122)
at org.openqa.selenium.remote.http.W3CHttpResponseCodec.decode(W3CHttpResponseCodec.java:49)
at org.openqa.selenium.remote.HttpCommandExecutor.execute(HttpCommandExecutor.java:158)
at org.openqa.selenium.remote.service.DriverCommandExecutor.execute(DriverCommandExecutor.java:83)
at org.openqa.selenium.remote.RemoteWebDriver.execute(RemoteWebDriver.java:552)
at org.openqa.selenium.remote.RemoteWebDriver.execute(RemoteWebDriver.java:609)
at org.openqa.selenium.remote.RemoteWebDriver$RemoteWebDriverOptions$RemoteWindow.maximize(RemoteWebDriver.java:837)
at com.lifeco.generic.BaseTest.launchBrowser(BaseTest.java:155)
at com.lifeco.generic.BaseTest.openApplication(BaseTest.java:74)
... Removed 32 stack frames]]>
    </failure>
  </testcase> <!-- @BeforeMethod openApplication -->
  <testcase name="@BeforeMethod openApplication" time="3.485" classname="com.lifeco.generic.BaseTest">
    <failure type="org.openqa.selenium.WebDriverException" message="unknown error: failed to change window state to normal, current state is maximized
  (Session info: chrome=76.0.3809.100)
Build info: version: &amp;apos;3.141.59&amp;apos;, revision: &amp;apos;e82be7d358&amp;apos;, time: &amp;apos;2018-11-14T08:17:03&amp;apos;
System info: host: &amp;apos;DESKTOP-A96QGMO&amp;apos;, ip: &amp;apos;192.168.2.236&amp;apos;, os.name: &amp;apos;Windows 10&amp;apos;, os.arch: &amp;apos;amd64&amp;apos;, os.version: &amp;apos;10.0&amp;apos;, java.version: &amp;apos;1.8.0_181&amp;apos;
Driver info: org.openqa.selenium.chrome.ChromeDriver
Capabilities {acceptInsecureCerts: false, browserName: chrome, browserVersion: 76.0.3809.100, chrome: {chromedriverVersion: 76.0.3809.68 (420c9498db8ce..., userDataDir: C:\Users\GIRISH~1\AppData\L...}, goog:chromeOptions: {debuggerAddress: localhost:56423}, javascriptEnabled: true, networkConnectionEnabled: false, pageLoadStrategy: normal, platform: XP, platformName: XP, proxy: Proxy(), setWindowRect: true, strictFileInteractability: false, timeouts: {implicit: 0, pageLoad: 300000, script: 30000}, unhandledPromptBehavior: dismiss and notify}
Session ID: a21dcec1f1386033be6fde19b994bd8f">
      <![CDATA[org.openqa.selenium.WebDriverException: unknown error: failed to change window state to normal, current state is maximized
  (Session info: chrome=76.0.3809.100)
Build info: version: '3.141.59', revision: 'e82be7d358', time: '2018-11-14T08:17:03'
System info: host: 'DESKTOP-A96QGMO', ip: '192.168.2.236', os.name: 'Windows 10', os.arch: 'amd64', os.version: '10.0', java.version: '1.8.0_181'
Driver info: org.openqa.selenium.chrome.ChromeDriver
Capabilities {acceptInsecureCerts: false, browserName: chrome, browserVersion: 76.0.3809.100, chrome: {chromedriverVersion: 76.0.3809.68 (420c9498db8ce..., userDataDir: C:\Users\GIRISH~1\AppData\L...}, goog:chromeOptions: {debuggerAddress: localhost:56423}, javascriptEnabled: true, networkConnectionEnabled: false, pageLoadStrategy: normal, platform: XP, platformName: XP, proxy: Proxy(), setWindowRect: true, strictFileInteractability: false, timeouts: {implicit: 0, pageLoad: 300000, script: 30000}, unhandledPromptBehavior: dismiss and notify}
Session ID: a21dcec1f1386033be6fde19b994bd8f
at org.openqa.selenium.remote.http.W3CHttpResponseCodec.createException(W3CHttpResponseCodec.java:187)
at org.openqa.selenium.remote.http.W3CHttpResponseCodec.decode(W3CHttpResponseCodec.java:122)
at org.openqa.selenium.remote.http.W3CHttpResponseCodec.decode(W3CHttpResponseCodec.java:49)
at org.openqa.selenium.remote.HttpCommandExecutor.execute(HttpCommandExecutor.java:158)
at org.openqa.selenium.remote.service.DriverCommandExecutor.execute(DriverCommandExecutor.java:83)
at org.openqa.selenium.remote.RemoteWebDriver.execute(RemoteWebDriver.java:552)
at org.openqa.selenium.remote.RemoteWebDriver.execute(RemoteWebDriver.java:609)
at org.openqa.selenium.remote.RemoteWebDriver$RemoteWebDriverOptions$RemoteWindow.maximize(RemoteWebDriver.java:837)
at com.lifeco.generic.BaseTest.launchBrowser(BaseTest.java:155)
at com.lifeco.generic.BaseTest.openApplication(BaseTest.java:74)
... Removed 32 stack frames]]>
    </failure>
  </testcase> <!-- @BeforeMethod openApplication -->
  <testcase name="verifyNavigationToPollPage" time="62.387" classname="com.lifeco.tests.Content_Interactive_PollPage_Test"/>
  <testcase name="verifySelectionOfRecords" time="0.0" classname="com.lifeco.tests.Content_Interactive_PollPage_Test">
    <failure type="org.testng.TestNGException" message="
Cannot inject @Test annotated Method [verifySelectionOfRecords] with [class java.lang.String, class java.lang.String].
For more information on native dependency injection please refer to http://testng.org/doc/documentation-main.html#native-dependency-injection">
      <![CDATA[org.testng.TestNGException: 
Cannot inject @Test annotated Method [verifySelectionOfRecords] with [class java.lang.String, class java.lang.String].
For more information on native dependency injection please refer to http://testng.org/doc/documentation-main.html#native-dependency-injection
... Removed 24 stack frames]]>
    </failure>
  </testcase> <!-- verifySelectionOfRecords -->
  <testcase name="createNewPoll" time="0.0" classname="com.lifeco.tests.Content_Interactive_PollPage_Test">
    <skipped/>
  </testcase> <!-- createNewPoll -->
  <testcase name="verifyDeletePoll" time="0.0" classname="com.lifeco.tests.Content_Interactive_PollPage_Test">
    <skipped/>
  </testcase> <!-- verifyDeletePoll -->
  <testcase name="verifyDeselectAll" time="0.0" classname="com.lifeco.tests.Content_Interactive_PollPage_Test">
    <skipped/>
  </testcase> <!-- verifyDeselectAll -->
  <testcase name="verifyMinimize" time="0.0" classname="com.lifeco.tests.Content_Interactive_PollPage_Test">
    <failure type="org.testng.TestNGException" message="
Cannot inject @Test annotated Method [verifyMinimize] with [class java.lang.String, class java.lang.String].
For more information on native dependency injection please refer to http://testng.org/doc/documentation-main.html#native-dependency-injection">
      <![CDATA[org.testng.TestNGException: 
Cannot inject @Test annotated Method [verifyMinimize] with [class java.lang.String, class java.lang.String].
For more information on native dependency injection please refer to http://testng.org/doc/documentation-main.html#native-dependency-injection
... Removed 24 stack frames]]>
    </failure>
  </testcase> <!-- verifyMinimize -->
  <testcase name="verifyRecords" time="0.0" classname="com.lifeco.tests.Content_Interactive_PollPage_Test">
    <skipped/>
  </testcase> <!-- verifyRecords -->
  <testcase name="editPoll" time="0.0" classname="com.lifeco.tests.Content_Interactive_PollPage_Test">
    <ignored/>
  </testcase> <!-- editPoll -->
  <testcase name="verifyAllFieldsError" time="0.0" classname="com.lifeco.tests.Content_Interactive_PollPage_Test">
    <ignored/>
  </testcase> <!-- verifyAllFieldsError -->
  <testcase name="verify" time="0.0" classname="com.lifeco.tests.Content_Interactive_PollPage_Test">
    <ignored/>
  </testcase> <!-- verify -->
  <testcase name="verifySearchFunctionality" time="0.0" classname="com.lifeco.tests.Content_Interactive_PollPage_Test">
    <ignored/>
  </testcase> <!-- verifySearchFunctionality -->
</testsuite> <!-- Interactive Poll -->
